20240611	10:20:11	9a32cc74-5cea-48a5-894f-e27b5aeb6aac	Too Many Requests: Too many login attempts from this IP, please try again after a 60-second pause	POST	/login	undefined
20240611	10:20:12	de7180cc-5035-4ffd-8eb6-7d954c1b35a6	Too Many Requests: Too many login attempts from this IP, please try again after a 60-second pause	POST	/login	undefined
20240611	10:20:13	2a032041-4881-458c-a2a0-49ab709b3a6a	Too Many Requests: Too many login attempts from this IP, please try again after a 60-second pause	POST	/login	undefined
20240615	23:12:53	f15b31d0-1e06-4eac-a4ec-5473d8bb0dea	Too Many Requests: Too many login attempts from this IP, please try again after a 60-second pause	POST	/login	http://localhost:3000
20240615	23:12:54	c2a0b836-acd0-43f7-965c-0733b463a62d	Too Many Requests: Too many login attempts from this IP, please try again after a 60-second pause	POST	/login	http://localhost:3000
20240615	23:12:54	c3c01eac-33af-45e1-9ff0-a05734e907ff	Too Many Requests: Too many login attempts from this IP, please try again after a 60-second pause	POST	/login	http://localhost:3000
20240615	23:12:55	83acf445-c1ca-4980-958c-d4027d3ab0b6	Too Many Requests: Too many login attempts from this IP, please try again after a 60-second pause	POST	/login	http://localhost:3000
20240615	23:13:01	69a67a26-554d-429d-940f-f42d3797463f	Too Many Requests: Too many login attempts from this IP, please try again after a 60-second pause	POST	/login	http://localhost:3000
20240615	23:13:02	7b4393f4-d86b-42cb-ad7c-5f6dee4aaab5	Too Many Requests: Too many login attempts from this IP, please try again after a 60-second pause	POST	/login	http://localhost:3000
20240615	23:13:03	db244a9a-180f-4374-a793-1550362fed5f	Too Many Requests: Too many login attempts from this IP, please try again after a 60-second pause	POST	/login	http://localhost:3000
20240615	23:13:03	9c50e0f8-ec06-4b6f-90fe-41752669ae01	Too Many Requests: Too many login attempts from this IP, please try again after a 60-second pause	POST	/login	http://localhost:3000
20240615	23:13:05	e357f7d0-9647-4dc4-981e-3d928ad85532	Too Many Requests: Too many login attempts from this IP, please try again after a 60-second pause	POST	/login	http://localhost:3000
20240615	23:13:08	fa4ca6bd-76e9-4d37-829d-60a5b5061b64	Too Many Requests: Too many login attempts from this IP, please try again after a 60-second pause	POST	/login	http://localhost:3000
20240618	11:09:04	ba381691-1bf0-4499-b267-b53a5c173dd4	Too Many Requests: Too many login attempts from this IP, please try again after a 60-second pause	POST	/loginadmin	http://localhost:3000
20240618	11:09:05	bb5490de-5ddf-4500-ad90-4c1762f1a129	Too Many Requests: Too many login attempts from this IP, please try again after a 60-second pause	POST	/loginadmin	http://localhost:3000
20240618	11:09:05	b6463bbb-1273-495d-bf97-fd885d645a97	Too Many Requests: Too many login attempts from this IP, please try again after a 60-second pause	POST	/loginadmin	http://localhost:3000
20240618	11:10:36	0e25e721-709d-4a98-b471-830dd15db5f5	Too Many Requests: Too many login attempts from this IP, please try again after a 60-second pause	POST	/loginadmin	http://localhost:3000
20240618	11:10:36	f8bf7e8b-8cb2-4864-822a-1e48bed8b631	Too Many Requests: Too many login attempts from this IP, please try again after a 60-second pause	POST	/loginadmin	http://localhost:3000
20240618	11:10:36	6fa9b59a-31ad-4493-80f9-086c126699ec	Too Many Requests: Too many login attempts from this IP, please try again after a 60-second pause	POST	/loginadmin	http://localhost:3000
20240618	11:10:36	08662305-4123-436f-89a6-dbe0508edd33	Too Many Requests: Too many login attempts from this IP, please try again after a 60-second pause	POST	/loginadmin	http://localhost:3000
20240618	11:10:36	62c1e596-2c00-404d-9da5-876fb656a3ea	Too Many Requests: Too many login attempts from this IP, please try again after a 60-second pause	POST	/loginadmin	http://localhost:3000
20240618	11:10:37	cc34a329-70ba-41d5-880a-d244d45470e4	Too Many Requests: Too many login attempts from this IP, please try again after a 60-second pause	POST	/loginadmin	http://localhost:3000
20240618	11:10:37	d2aafa42-32cb-4692-8ab3-94793a48fa32	Too Many Requests: Too many login attempts from this IP, please try again after a 60-second pause	POST	/loginadmin	http://localhost:3000
20240618	11:10:37	f134f746-c2b1-4298-a73f-3d5078ee107a	Too Many Requests: Too many login attempts from this IP, please try again after a 60-second pause	POST	/loginadmin	http://localhost:3000
20240618	11:10:37	841d0610-a0ba-421a-a6c7-36bcffdc4f1a	Too Many Requests: Too many login attempts from this IP, please try again after a 60-second pause	POST	/loginadmin	http://localhost:3000
20240618	11:10:38	e46e2dfe-33fe-489a-8a7d-939baabaf33c	Too Many Requests: Too many login attempts from this IP, please try again after a 60-second pause	POST	/loginadmin	http://localhost:3000
20240618	11:10:38	6b4fe7ac-eda5-4495-8e4b-b53f637a178b	Too Many Requests: Too many login attempts from this IP, please try again after a 60-second pause	POST	/loginadmin	http://localhost:3000
20240618	11:10:38	6969a462-4f0e-4fa0-979f-43e084aa75b8	Too Many Requests: Too many login attempts from this IP, please try again after a 60-second pause	POST	/loginadmin	http://localhost:3000
20240618	11:10:38	183e7984-2d95-41e3-aecf-695230aa333e	Too Many Requests: Too many login attempts from this IP, please try again after a 60-second pause	POST	/loginadmin	http://localhost:3000
20240618	11:10:39	ece33c38-8486-4f87-9ffb-d8a8cc9c4c84	Too Many Requests: Too many login attempts from this IP, please try again after a 60-second pause	POST	/loginadmin	http://localhost:3000
20240618	11:10:39	717bd508-e57f-4caf-86c3-236555ff1db3	Too Many Requests: Too many login attempts from this IP, please try again after a 60-second pause	POST	/loginadmin	http://localhost:3000
20240618	11:10:39	1ade48d2-d9f6-4bba-ba14-a2ee695fe7a3	Too Many Requests: Too many login attempts from this IP, please try again after a 60-second pause	POST	/loginadmin	http://localhost:3000
20240618	11:11:02	2b89288b-5667-44e1-808a-38c5b69e717a	Too Many Requests: Too many login attempts from this IP, please try again after a 60-second pause	POST	/loginadmin	http://localhost:3000
20240618	11:11:03	e26b08a8-af84-47a9-a620-2ef56032e68e	Too Many Requests: Too many login attempts from this IP, please try again after a 60-second pause	POST	/loginadmin	http://localhost:3000
20240618	11:11:03	c82cf0ea-34c5-44b6-8bba-3bdadd8cbd84	Too Many Requests: Too many login attempts from this IP, please try again after a 60-second pause	POST	/loginadmin	http://localhost:3000
20240628	15:59:00	4503610f-6a21-44e4-b332-eea4cf18c780	Too Many Requests: Too many login attempts from this IP, please try again after a 60-second pause	POST	/loginadmin	undefined
20240628	15:59:01	f71e374d-7753-4c08-af39-a30dff14724e	Too Many Requests: Too many login attempts from this IP, please try again after a 60-second pause	POST	/loginadmin	undefined
20240710	10:59:51	650edef4-89d8-4fd5-b4fa-63a1f12ac258	Too Many Requests: Too many login attempts from this IP, please try again after a 60-second pause	POST	/loginadmin	http://localhost:3000
20240710	10:59:52	14155966-02ff-403a-9823-ab6150ef2d78	Too Many Requests: Too many login attempts from this IP, please try again after a 60-second pause	POST	/loginadmin	http://localhost:3000
20240710	10:59:52	71d62f01-f33a-417c-b4da-fc85c98a5d75	Too Many Requests: Too many login attempts from this IP, please try again after a 60-second pause	POST	/loginadmin	http://localhost:3000
20240710	10:59:52	48a159f8-36a7-410e-8152-d6921d868ba7	Too Many Requests: Too many login attempts from this IP, please try again after a 60-second pause	POST	/loginadmin	http://localhost:3000
20240710	10:59:52	2de269bf-7e5c-44e6-b9e4-1551a31a41af	Too Many Requests: Too many login attempts from this IP, please try again after a 60-second pause	POST	/loginadmin	http://localhost:3000
20240710	10:59:52	aaa31366-1af3-49ed-bade-7cb3eada1917	Too Many Requests: Too many login attempts from this IP, please try again after a 60-second pause	POST	/loginadmin	http://localhost:3000
20240710	10:59:52	e8632544-2cea-44fa-af34-e6e754a2f96e	Too Many Requests: Too many login attempts from this IP, please try again after a 60-second pause	POST	/loginadmin	http://localhost:3000
20240710	10:59:53	9178fb47-54a9-41d9-8c25-009eecc24fee	Too Many Requests: Too many login attempts from this IP, please try again after a 60-second pause	POST	/loginadmin	http://localhost:3000
20240710	10:59:53	61262791-3fc9-4979-901d-07083db6cfdc	Too Many Requests: Too many login attempts from this IP, please try again after a 60-second pause	POST	/loginadmin	http://localhost:3000
20240710	10:59:53	a3e97819-d31e-47bc-8290-a0d39bb4f65f	Too Many Requests: Too many login attempts from this IP, please try again after a 60-second pause	POST	/loginadmin	http://localhost:3000
20240710	10:59:53	419b1f7c-aa3b-4f52-8b9c-7ec4d930227d	Too Many Requests: Too many login attempts from this IP, please try again after a 60-second pause	POST	/loginadmin	http://localhost:3000
20240710	10:59:53	6e61db2d-4a53-460a-aa44-6a2b854c8160	Too Many Requests: Too many login attempts from this IP, please try again after a 60-second pause	POST	/loginadmin	http://localhost:3000
20240710	10:59:54	7e285c28-f7c7-4db8-acbc-b435596fd578	Too Many Requests: Too many login attempts from this IP, please try again after a 60-second pause	POST	/loginadmin	http://localhost:3000
20240710	10:59:54	38f4c3af-db52-462d-80d7-4131b10ad90c	Too Many Requests: Too many login attempts from this IP, please try again after a 60-second pause	POST	/loginadmin	http://localhost:3000
20240710	10:59:54	295e186c-3908-4d55-ab86-faa4bf5aa8d3	Too Many Requests: Too many login attempts from this IP, please try again after a 60-second pause	POST	/loginadmin	http://localhost:3000
20240710	10:59:54	33e8bcdd-32d1-47b7-80a8-cad56b4e85ff	Too Many Requests: Too many login attempts from this IP, please try again after a 60-second pause	POST	/loginadmin	http://localhost:3000
20240710	10:59:54	dfc0f434-6895-492f-955d-3f2f28aeaa6e	Too Many Requests: Too many login attempts from this IP, please try again after a 60-second pause	POST	/loginadmin	http://localhost:3000
20240710	10:59:55	5cf86b56-f353-48ae-b084-2be31d3d132b	Too Many Requests: Too many login attempts from this IP, please try again after a 60-second pause	POST	/loginadmin	http://localhost:3000
20240710	10:59:55	9daa7942-0399-4c56-99e5-e62882ec7783	Too Many Requests: Too many login attempts from this IP, please try again after a 60-second pause	POST	/loginadmin	http://localhost:3000
20240710	10:59:55	3cf328ab-a682-4df4-b0fe-5d19f586c5f4	Too Many Requests: Too many login attempts from this IP, please try again after a 60-second pause	POST	/loginadmin	http://localhost:3000
20240710	10:59:55	f703bb1a-ed7a-421e-ba99-e6f49ecc1695	Too Many Requests: Too many login attempts from this IP, please try again after a 60-second pause	POST	/loginadmin	http://localhost:3000
20240710	10:59:59	cb112fc9-bc6e-480a-a511-72ebd4661484	Too Many Requests: Too many login attempts from this IP, please try again after a 60-second pause	POST	/loginadmin	http://localhost:3000
20240710	10:59:59	72b1b201-012e-4e08-aa92-5e1189f242a5	Too Many Requests: Too many login attempts from this IP, please try again after a 60-second pause	POST	/loginadmin	http://localhost:3000
20240710	10:59:59	7f63f4df-c612-422c-8117-7b0cf66837df	Too Many Requests: Too many login attempts from this IP, please try again after a 60-second pause	POST	/loginadmin	http://localhost:3000
20240710	10:59:59	5d6a4284-3e99-4866-9c70-fd75a447e27a	Too Many Requests: Too many login attempts from this IP, please try again after a 60-second pause	POST	/loginadmin	http://localhost:3000
20240710	11:00:00	32571f48-6139-47ee-8355-daba017cf86d	Too Many Requests: Too many login attempts from this IP, please try again after a 60-second pause	POST	/loginadmin	http://localhost:3000
20240710	11:00:00	88ef7b6b-696d-49c7-a754-a7974b08332b	Too Many Requests: Too many login attempts from this IP, please try again after a 60-second pause	POST	/loginadmin	http://localhost:3000
20240710	11:00:00	6063465e-675f-4954-bcf1-a9437e7b40fd	Too Many Requests: Too many login attempts from this IP, please try again after a 60-second pause	POST	/loginadmin	http://localhost:3000
20240710	11:00:01	64f6f16d-8bae-4e9a-bbf3-fbe119c908b8	Too Many Requests: Too many login attempts from this IP, please try again after a 60-second pause	POST	/loginadmin	http://localhost:3000
20240710	11:00:01	3ec1aec0-5f19-42ae-994d-8ce1e489b6f0	Too Many Requests: Too many login attempts from this IP, please try again after a 60-second pause	POST	/loginadmin	http://localhost:3000
20240710	11:00:01	39a8e9ea-89b6-4c1a-9134-19c25427c11a	Too Many Requests: Too many login attempts from this IP, please try again after a 60-second pause	POST	/loginadmin	http://localhost:3000
20240710	11:00:01	15e2c000-426b-45b9-ace5-66521ecfa4d9	Too Many Requests: Too many login attempts from this IP, please try again after a 60-second pause	POST	/loginadmin	http://localhost:3000
20240710	11:00:01	a323590a-1649-4d4f-a51f-52fd1c0ae3ba	Too Many Requests: Too many login attempts from this IP, please try again after a 60-second pause	POST	/loginadmin	http://localhost:3000
20240710	11:00:02	c5c73a8e-a67a-4d02-9c67-1d1b0c9bedde	Too Many Requests: Too many login attempts from this IP, please try again after a 60-second pause	POST	/loginadmin	http://localhost:3000
20240710	11:00:02	204b96fb-2bee-4b57-899e-270107dc219e	Too Many Requests: Too many login attempts from this IP, please try again after a 60-second pause	POST	/loginadmin	http://localhost:3000
20240710	11:00:02	3463c6bb-0b6d-435f-b285-5b7c45cb6bb8	Too Many Requests: Too many login attempts from this IP, please try again after a 60-second pause	POST	/loginadmin	http://localhost:3000
20240710	11:00:02	13f1d9b0-48f1-470c-98f0-3ae3b76264a5	Too Many Requests: Too many login attempts from this IP, please try again after a 60-second pause	POST	/loginadmin	http://localhost:3000
20240710	11:00:02	126d037f-3c8f-43d6-84ab-4a40d4860209	Too Many Requests: Too many login attempts from this IP, please try again after a 60-second pause	POST	/loginadmin	http://localhost:3000
20240710	11:00:02	de0125a3-b18e-4bb8-a0ec-a3b4355d50ce	Too Many Requests: Too many login attempts from this IP, please try again after a 60-second pause	POST	/loginadmin	http://localhost:3000
20240710	11:00:03	2fbb4a68-72b0-4de1-8485-91139127a0a9	Too Many Requests: Too many login attempts from this IP, please try again after a 60-second pause	POST	/loginadmin	http://localhost:3000
20240710	11:00:03	8e14f081-27db-4922-a62b-3d1a55e5fdd7	Too Many Requests: Too many login attempts from this IP, please try again after a 60-second pause	POST	/loginadmin	http://localhost:3000
20240710	11:00:03	9ab01f2e-c326-4429-b8fc-fda3a70be006	Too Many Requests: Too many login attempts from this IP, please try again after a 60-second pause	POST	/loginadmin	http://localhost:3000
20240710	11:00:03	7a3c700b-2faa-46f0-bbf6-bde2d729b445	Too Many Requests: Too many login attempts from this IP, please try again after a 60-second pause	POST	/loginadmin	http://localhost:3000
20240710	11:00:03	f21393c8-9940-4882-9faa-c972fe75a552	Too Many Requests: Too many login attempts from this IP, please try again after a 60-second pause	POST	/loginadmin	http://localhost:3000
20240710	11:00:03	434ed8a3-c41e-44d9-93b1-94487d4fbabc	Too Many Requests: Too many login attempts from this IP, please try again after a 60-second pause	POST	/loginadmin	http://localhost:3000
20240710	11:00:04	315545e2-c6c9-4687-8188-df3daf5e5b94	Too Many Requests: Too many login attempts from this IP, please try again after a 60-second pause	POST	/loginadmin	http://localhost:3000
